Performing C SOURCE FILE Test CMAKE_HAVE_LIBC_PTHREAD failed with the following output:
Change Dir: /home/jk/catkin_ws/build/CMakeFiles/CMakeTmp

Run Build Command(s):/usr/bin/make cmTC_c8fd1/fast && /usr/bin/make -f CMakeFiles/cmTC_c8fd1.dir/build.make CMakeFiles/cmTC_c8fd1.dir/build
make[1]: 디렉터리 '/home/jk/catkin_ws/build/CMakeFiles/CMakeTmp' 들어감
Building C object CMakeFiles/cmTC_c8fd1.dir/src.c.o
/usr/bin/cc   -DCMAKE_HAVE_LIBC_PTHREAD   -o CMakeFiles/cmTC_c8fd1.dir/src.c.o   -c /home/jk/catkin_ws/build/CMakeFiles/CMakeTmp/src.c
Linking C executable cmTC_c8fd1
/usr/bin/cmake -E cmake_link_script CMakeFiles/cmTC_c8fd1.dir/link.txt --verbose=1
/usr/bin/cc  -DCMAKE_HAVE_LIBC_PTHREAD    -rdynamic CMakeFiles/cmTC_c8fd1.dir/src.c.o  -o cmTC_c8fd1 
/usr/bin/ld: CMakeFiles/cmTC_c8fd1.dir/src.c.o: in function `main':
src.c:(.text+0x46): undefined reference to `pthread_create'
/usr/bin/ld: src.c:(.text+0x52): undefined reference to `pthread_detach'
/usr/bin/ld: src.c:(.text+0x63): undefined reference to `pthread_join'
collect2: error: ld returned 1 exit status
make[1]: *** [CMakeFiles/cmTC_c8fd1.dir/build.make:87: cmTC_c8fd1] 오류 1
make[1]: 디렉터리 '/home/jk/catkin_ws/build/CMakeFiles/CMakeTmp' 나감
make: *** [Makefile:121: cmTC_c8fd1/fast] 오류 2


Source file was:
#include <pthread.h>

void* test_func(void* data)
{
  return data;
}

int main(void)
{
  pthread_t thread;
  pthread_create(&thread, NULL, test_func, NULL);
  pthread_detach(thread);
  pthread_join(thread, NULL);
  pthread_atfork(NULL, NULL, NULL);
  pthread_exit(NULL);

  return 0;
}

Determining if the function pthread_create exists in the pthreads failed with the following output:
Change Dir: /home/jk/catkin_ws/build/CMakeFiles/CMakeTmp

Run Build Command(s):/usr/bin/make cmTC_5ba5d/fast && /usr/bin/make -f CMakeFiles/cmTC_5ba5d.dir/build.make CMakeFiles/cmTC_5ba5d.dir/build
make[1]: 디렉터리 '/home/jk/catkin_ws/build/CMakeFiles/CMakeTmp' 들어감
Building C object CMakeFiles/cmTC_5ba5d.dir/CheckFunctionExists.c.o
/usr/bin/cc   -DCHECK_FUNCTION_EXISTS=pthread_create   -o CMakeFiles/cmTC_5ba5d.dir/CheckFunctionExists.c.o   -c /usr/share/cmake-3.16/Modules/CheckFunctionExists.c
Linking C executable cmTC_5ba5d
/usr/bin/cmake -E cmake_link_script CMakeFiles/cmTC_5ba5d.dir/link.txt --verbose=1
/usr/bin/cc  -DCHECK_FUNCTION_EXISTS=pthread_create    -rdynamic CMakeFiles/cmTC_5ba5d.dir/CheckFunctionExists.c.o  -o cmTC_5ba5d  -lpthreads 
/usr/bin/ld: cannot find -lpthreads
collect2: error: ld returned 1 exit status
make[1]: *** [CMakeFiles/cmTC_5ba5d.dir/build.make:87: cmTC_5ba5d] 오류 1
make[1]: 디렉터리 '/home/jk/catkin_ws/build/CMakeFiles/CMakeTmp' 나감
make: *** [Makefile:121: cmTC_5ba5d/fast] 오류 2



Determining if the include file pgm.h exists failed with the following output:
Change Dir: /home/jk/catkin_ws/build/CMakeFiles/CMakeTmp

Run Build Command(s):/usr/bin/make cmTC_7a1d5/fast && make[1]: 디렉터리 '/home/jk/catkin_ws/build/CMakeFiles/CMakeTmp' 들어감
/usr/bin/make -f CMakeFiles/cmTC_7a1d5.dir/build.make CMakeFiles/cmTC_7a1d5.dir/build
make[2]: 디렉터리 '/home/jk/catkin_ws/build/CMakeFiles/CMakeTmp' 들어감
Building CXX object CMakeFiles/cmTC_7a1d5.dir/CheckIncludeFile.cxx.o
/usr/bin/c++     -o CMakeFiles/cmTC_7a1d5.dir/CheckIncludeFile.cxx.o -c /home/jk/catkin_ws/build/CMakeFiles/CMakeTmp/CheckIncludeFile.cxx
/home/jk/catkin_ws/build/CMakeFiles/CMakeTmp/CheckIncludeFile.cxx:1:10: fatal error: pgm.h: 그런 파일이나 디렉터리가 없습니다
    1 | #include <pgm.h>
      |          ^~~~~~~
compilation terminated.
make[2]: *** [CMakeFiles/cmTC_7a1d5.dir/build.make:66: CMakeFiles/cmTC_7a1d5.dir/CheckIncludeFile.cxx.o] 오류 1
make[2]: 디렉터리 '/home/jk/catkin_ws/build/CMakeFiles/CMakeTmp' 나감
make[1]: *** [Makefile:121: cmTC_7a1d5/fast] 오류 2
make[1]: 디렉터리 '/home/jk/catkin_ws/build/CMakeFiles/CMakeTmp' 나감



